<?xml version="1.0" encoding="UTF-8"?>
<!-- Generated by org.testng.reporters.JUnitXMLReporter -->
<testsuite hostname="Target-PC" ignored="0" name="Default test" tests="3" failures="0" timestamp="17 نوف 2018 11:09:37 GMT" time="163.347" errors="0">
  <testcase name="invalidSignIn" time="38.822" classname="TestAutomationTasks.Shein"/>
  <testcase name="invalidSignUp" time="28.767" classname="TestAutomationTasks.Shein"/>
  <testcase name="sheinHappyScenario" time="95.661" classname="TestAutomationTasks.Shein"/>
</testsuite> <!-- Default test -->
