<?xml version="1.0" encoding="UTF-8" ?>
<testsuite tests="3" failures="1" name="TestSuite" time="187.902" errors="0" skipped="0">
  <properties>
[...]
</properties>
  <testcase classname="Shein.SheinTestAutomationMaven.Shein" name="invalidSignUp" time="34.441"/>
  <testcase classname="Shein.SheinTestAutomationMaven.Shein" name="invalidSignIn" time="37.897"/>
  <testcase classname="Shein.SheinTestAutomationMaven.Shein" name="sheinHappyScenario" time="115.564">
    <failure message="Assert Number of Items in the Bag expected [3] but found [2]" type="java.lang.AssertionError">java.lang.AssertionError: Assert Number of Items in the Bag expected [3] but found [2]
	at org.testng.Assert.fail(Assert.java:96)
	at org.testng.Assert.failNotEquals(Assert.java:776)
	at org.testng.Assert.assertEqualsImpl(Assert.java:137)
	at org.testng.Assert.assertEquals(Assert.java:118)
	at org.testng.Assert.assertEquals(Assert.java:652)
	at PageObjects.SheinGoods.verifyBag(SheinGoods.java:47)
	at Shein.SheinTestAutomationMaven.Shein.sheinHappyScenario(Shein.java:74)
</failure>
  </testcase>
</testsuite>