<?xml version="1.0" encoding="UTF-8"?>
<testng-results skipped="0" failed="0" ignored="0" total="1" passed="1">
  <reporter-output>
  </reporter-output>
  <suite name="Default suite" duration-ms="287" started-at="2018-11-17T14:34:11Z" finished-at="2018-11-17T14:34:11Z">
    <groups>
    </groups>
    <test name="Default test" duration-ms="287" started-at="2018-11-17T14:34:11Z" finished-at="2018-11-17T14:34:11Z">
      <class name="Shein.SheinTestAutomationMaven.Shein">
        <test-method status="PASS" signature="setUp()[pri:0, instance:Shein.SheinTestAutomationMaven.Shein@5622fdf]" name="setUp" is-config="true" duration-ms="11703" started-at="2018-11-17T14:33:59Z" finished-at="2018-11-17T14:34:11Z">
          <reporter-output>
          </reporter-output>
        </test-method> <!-- setUp -->
        <test-method status="PASS" signature="t()[pri:0, instance:Shein.SheinTestAutomationMaven.Shein@5622fdf]" name="t" duration-ms="26" started-at="2018-11-17T14:34:11Z" finished-at="2018-11-17T14:34:11Z">
          <reporter-output>
          </reporter-output>
        </test-method> <!-- t -->
        <test-method status="PASS" signature="tearDown()[pri:0, instance:Shein.SheinTestAutomationMaven.Shein@5622fdf]" name="tearDown" is-config="true" duration-ms="147" started-at="2018-11-17T14:34:11Z" finished-at="2018-11-17T14:34:11Z">
          <reporter-output>
          </reporter-output>
        </test-method> <!-- tearDown -->
      </class> <!-- Shein.SheinTestAutomationMaven.Shein -->
    </test> <!-- Default test -->
  </suite> <!-- Default suite -->
</testng-results>
